<?xml version="1.0" encoding="UTF-8"?>
<!-- Generated by org.testng.reporters.JUnitReportReporter -->
<testsuite hostname="Armstrong" failures="0" tests="1" name="test.TC001_Signup" time="13.599" errors="0" timestamp="2024-08-10T16:07:32 IST" skipped="0">
  <testcase classname="test.TC001_Signup" name="valid_Signup" time="13.599"/>
</testsuite> <!-- test.TC001_Signup -->
