<?xml version="1.0" encoding="UTF-8"?>
<!-- Generated by org.testng.reporters.JUnitReportReporter -->
<testsuite hostname="Armstrong" failures="0" tests="1" name="test.TC004_Pageverification" time="6.150" errors="0" timestamp="2024-08-10T16:07:32 IST" skipped="0">
  <testcase classname="test.TC004_Pageverification" name="validpage" time="6.150"/>
</testsuite> <!-- test.TC004_Pageverification -->
