<?xml version="1.0" encoding="UTF-8"?>
<!-- Generated by org.testng.reporters.JUnitReportReporter -->
<testsuite hostname="Armstrong" failures="0" tests="1" name="test.TC001_Signup" time="17.424" errors="0" timestamp="2024-08-08T10:47:44 IST" skipped="0">
  <testcase classname="test.TC001_Signup" name="Cart_Page_Validation" time="17.424"/>
</testsuite> <!-- test.TC001_Signup -->
