<?xml version="1.0" encoding="UTF-8"?>
<!-- Generated by org.testng.reporters.JUnitReportReporter -->
<testsuite hostname="Armstrong" failures="0" tests="1" name="test.TC002_Login" time="12.776" errors="0" timestamp="2024-08-10T16:07:32 IST" skipped="0">
  <testcase classname="test.TC002_Login" name="validlogin" time="12.776"/>
</testsuite> <!-- test.TC002_Login -->
